[ 2013-06-18T17:19:45+08:00 ] 127.0.0.1 /dx/index.php
NOTIC: [8] Use of undefined constant GROUP_NAME - assumed 'GROUP_NAME' C:\wamp\www\dx\ThinkPHP\Lib\Core\App.class.php 第 61 行.
INFO: [ app_begin ] --START--
INFO: ReadHtmlCache Behavior ::run [ RunTime:0.000801s ]
INFO: [ app_begin ] --END-- [ RunTime:0.000965s ]
INFO: [ view_parse ] --START--
INFO: ParseTemplate Behavior ::run [ RunTime:0.010467s ]
INFO: [ view_parse ] --END-- [ RunTime:0.010878s ]
INFO: [ view_filter ] --START--
INFO: ContentReplace Behavior ::run [ RunTime:0.000788s ]
INFO: TokenBuild Behavior ::run [ RunTime:0.000746s ]
INFO: WriteHtmlCache Behavior ::run [ RunTime:0.000615s ]
INFO: ShowRuntime Behavior ::run [ RunTime:0.000796s ]
INFO: [ view_filter ] --END-- [ RunTime:0.003356s ]
INFO: [ view_end ] --START--
INFO: ShowPageTrace Behavior ::run [ RunTime:0.000986s ]
INFO: [ view_end ] --END-- [ RunTime:0.001144s ]

[ 2013-06-18T17:19:58+08:00 ] 127.0.0.1 /dx/index.php/Test/test
INFO: [ route_check ] --START--
INFO: CheckRoute Behavior ::run [ RunTime:0.000800s ]
INFO: [ route_check ] --END-- [ RunTime:0.000915s ]
NOTIC: [8] Use of undefined constant GROUP_NAME - assumed 'GROUP_NAME' C:\wamp\www\dx\ThinkPHP\Lib\Core\App.class.php 第 61 行.
INFO: [ app_begin ] --START--
INFO: ReadHtmlCache Behavior ::run [ RunTime:0.000577s ]
INFO: [ app_begin ] --END-- [ RunTime:0.000679s ]
ERR: 非法操作:test

[ 2013-06-18T17:20:02+08:00 ] 127.0.0.1 /dx/index.php/Test/index
INFO: [ route_check ] --START--
INFO: CheckRoute Behavior ::run [ RunTime:0.001076s ]
INFO: [ route_check ] --END-- [ RunTime:0.001237s ]
NOTIC: [8] Use of undefined constant GROUP_NAME - assumed 'GROUP_NAME' C:\wamp\www\dx\ThinkPHP\Lib\Core\App.class.php 第 61 行.
INFO: [ app_begin ] --START--
INFO: ReadHtmlCache Behavior ::run [ RunTime:0.000662s ]
INFO: [ app_begin ] --END-- [ RunTime:0.000769s ]

[ 2013-06-18T17:30:31+08:00 ] 127.0.0.1 /dx/index.php/Index/category
INFO: [ route_check ] --START--
INFO: CheckRoute Behavior ::run [ RunTime:0.001927s ]
INFO: [ route_check ] --END-- [ RunTime:0.002107s ]
NOTIC: [8] Use of undefined constant GROUP_NAME - assumed 'GROUP_NAME' C:\wamp\www\dx\ThinkPHP\Lib\Core\App.class.php 第 61 行.
INFO: [ app_begin ] --START--
INFO: ReadHtmlCache Behavior ::run [ RunTime:0.001632s ]
INFO: [ app_begin ] --END-- [ RunTime:0.001824s ]
NOTIC: [8] Undefined variable: Model C:\wamp\www\dx\Lib\Action\IndexAction.class.php 第 11 行.

[ 2013-06-18T17:31:57+08:00 ] 127.0.0.1 /dx/index.php/Index/category
INFO: [ route_check ] --START--
INFO: CheckRoute Behavior ::run [ RunTime:0.000953s ]
INFO: [ route_check ] --END-- [ RunTime:0.001089s ]
NOTIC: [8] Use of undefined constant GROUP_NAME - assumed 'GROUP_NAME' C:\wamp\www\dx\ThinkPHP\Lib\Core\App.class.php 第 61 行.
INFO: [ app_begin ] --START--
INFO: ReadHtmlCache Behavior ::run [ RunTime:0.001153s ]
INFO: [ app_begin ] --END-- [ RunTime:0.001330s ]
SQL: SHOW COLUMNS FROM `think_form` [ RunTime:0.000206s ]
ERR: 1046:No database selected
 [ SQL语句 ] : SHOW COLUMNS FROM `think_form`
SQL: SELECT * FROM `dx_aizhufu_cat`  [ RunTime:0.000195s ]
ERR: 1046:No database selected
 [ SQL语句 ] : SELECT * FROM `dx_aizhufu_cat` 

[ 2013-06-18T17:32:15+08:00 ] 127.0.0.1 /dx/index.php/Index/category
INFO: [ route_check ] --START--
INFO: CheckRoute Behavior ::run [ RunTime:0.000757s ]
INFO: [ route_check ] --END-- [ RunTime:0.000870s ]
NOTIC: [8] Use of undefined constant GROUP_NAME - assumed 'GROUP_NAME' C:\wamp\www\dx\ThinkPHP\Lib\Core\App.class.php 第 61 行.
INFO: [ app_begin ] --START--
INFO: ReadHtmlCache Behavior ::run [ RunTime:0.000627s ]
INFO: [ app_begin ] --END-- [ RunTime:0.000723s ]
SQL: SHOW COLUMNS FROM `think_dx_aizhufu_cat` [ RunTime:0.000110s ]
ERR: 1046:No database selected
 [ SQL语句 ] : SHOW COLUMNS FROM `think_dx_aizhufu_cat`
SQL: SELECT * FROM `dx_aizhufu_cat`  [ RunTime:0.000163s ]
ERR: 1046:No database selected
 [ SQL语句 ] : SELECT * FROM `dx_aizhufu_cat` 

[ 2013-06-18T17:32:17+08:00 ] 127.0.0.1 /dx/index.php/Index/category
INFO: [ route_check ] --START--
INFO: CheckRoute Behavior ::run [ RunTime:0.001013s ]
INFO: [ route_check ] --END-- [ RunTime:0.001281s ]
NOTIC: [8] Use of undefined constant GROUP_NAME - assumed 'GROUP_NAME' C:\wamp\www\dx\ThinkPHP\Lib\Core\App.class.php 第 61 行.
INFO: [ app_begin ] --START--
INFO: ReadHtmlCache Behavior ::run [ RunTime:0.000667s ]
INFO: [ app_begin ] --END-- [ RunTime:0.000767s ]
SQL: SHOW COLUMNS FROM `think_dx_aizhufu_cat` [ RunTime:0.000102s ]
ERR: 1046:No database selected
 [ SQL语句 ] : SHOW COLUMNS FROM `think_dx_aizhufu_cat`
SQL: SELECT * FROM `dx_aizhufu_cat`  [ RunTime:0.000112s ]
ERR: 1046:No database selected
 [ SQL语句 ] : SELECT * FROM `dx_aizhufu_cat` 

[ 2013-06-18T17:32:18+08:00 ] 127.0.0.1 /dx/index.php/Index/category
INFO: [ route_check ] --START--
INFO: CheckRoute Behavior ::run [ RunTime:0.001445s ]
INFO: [ route_check ] --END-- [ RunTime:0.001656s ]
NOTIC: [8] Use of undefined constant GROUP_NAME - assumed 'GROUP_NAME' C:\wamp\www\dx\ThinkPHP\Lib\Core\App.class.php 第 61 行.
INFO: [ app_begin ] --START--
INFO: ReadHtmlCache Behavior ::run [ RunTime:0.000932s ]
INFO: [ app_begin ] --END-- [ RunTime:0.001088s ]
SQL: SHOW COLUMNS FROM `think_dx_aizhufu_cat` [ RunTime:0.000175s ]
ERR: 1046:No database selected
 [ SQL语句 ] : SHOW COLUMNS FROM `think_dx_aizhufu_cat`
SQL: SELECT * FROM `dx_aizhufu_cat`  [ RunTime:0.000156s ]
ERR: 1046:No database selected
 [ SQL语句 ] : SELECT * FROM `dx_aizhufu_cat` 

[ 2013-06-18T17:32:18+08:00 ] 127.0.0.1 /dx/index.php/Index/category
INFO: [ route_check ] --START--
INFO: CheckRoute Behavior ::run [ RunTime:0.001963s ]
INFO: [ route_check ] --END-- [ RunTime:0.002225s ]
NOTIC: [8] Use of undefined constant GROUP_NAME - assumed 'GROUP_NAME' C:\wamp\www\dx\ThinkPHP\Lib\Core\App.class.php 第 61 行.
INFO: [ app_begin ] --START--
INFO: ReadHtmlCache Behavior ::run [ RunTime:0.000781s ]
INFO: [ app_begin ] --END-- [ RunTime:0.000933s ]
SQL: SHOW COLUMNS FROM `think_dx_aizhufu_cat` [ RunTime:0.000118s ]
ERR: 1046:No database selected
 [ SQL语句 ] : SHOW COLUMNS FROM `think_dx_aizhufu_cat`
SQL: SELECT * FROM `dx_aizhufu_cat`  [ RunTime:0.000130s ]
ERR: 1046:No database selected
 [ SQL语句 ] : SELECT * FROM `dx_aizhufu_cat` 

[ 2013-06-18T17:32:18+08:00 ] 127.0.0.1 /dx/index.php/Index/category
INFO: [ route_check ] --START--
INFO: CheckRoute Behavior ::run [ RunTime:0.000936s ]
INFO: [ route_check ] --END-- [ RunTime:0.001080s ]
NOTIC: [8] Use of undefined constant GROUP_NAME - assumed 'GROUP_NAME' C:\wamp\www\dx\ThinkPHP\Lib\Core\App.class.php 第 61 行.
INFO: [ app_begin ] --START--
INFO: ReadHtmlCache Behavior ::run [ RunTime:0.000777s ]
INFO: [ app_begin ] --END-- [ RunTime:0.000904s ]
SQL: SHOW COLUMNS FROM `think_dx_aizhufu_cat` [ RunTime:0.000154s ]
ERR: 1046:No database selected
 [ SQL语句 ] : SHOW COLUMNS FROM `think_dx_aizhufu_cat`
SQL: SELECT * FROM `dx_aizhufu_cat`  [ RunTime:0.000142s ]
ERR: 1046:No database selected
 [ SQL语句 ] : SELECT * FROM `dx_aizhufu_cat` 

[ 2013-06-18T17:32:36+08:00 ] 127.0.0.1 /dx/index.php/Index/category
INFO: [ route_check ] --START--
INFO: CheckRoute Behavior ::run [ RunTime:0.001168s ]
INFO: [ route_check ] --END-- [ RunTime:0.001301s ]
NOTIC: [8] Use of undefined constant GROUP_NAME - assumed 'GROUP_NAME' C:\wamp\www\dx\ThinkPHP\Lib\Core\App.class.php 第 61 行.
INFO: [ app_begin ] --START--
INFO: ReadHtmlCache Behavior ::run [ RunTime:0.000840s ]
INFO: [ app_begin ] --END-- [ RunTime:0.000989s ]
SQL: SHOW COLUMNS FROM `think_dx_aizhufu_cat` [ RunTime:0.000139s ]
ERR: 1046:No database selected
 [ SQL语句 ] : SHOW COLUMNS FROM `think_dx_aizhufu_cat`
SQL: SELECT * FROM `think_dx_aizhufu_cat`  [ RunTime:0.000108s ]
ERR: 1046:No database selected
 [ SQL语句 ] : SELECT * FROM `think_dx_aizhufu_cat` 

[ 2013-06-18T17:34:50+08:00 ] 127.0.0.1 /dx/index.php/Index/category
INFO: [ route_check ] --START--
INFO: CheckRoute Behavior ::run [ RunTime:0.001252s ]
INFO: [ route_check ] --END-- [ RunTime:0.001415s ]
NOTIC: [8] Use of undefined constant GROUP_NAME - assumed 'GROUP_NAME' C:\wamp\www\dx\ThinkPHP\Lib\Core\App.class.php 第 61 行.
INFO: [ app_begin ] --START--
INFO: ReadHtmlCache Behavior ::run [ RunTime:0.000858s ]
INFO: [ app_begin ] --END-- [ RunTime:0.000994s ]
SQL: SHOW COLUMNS FROM `dx_dx_aizhufu_cat` [ RunTime:0.023356s ]
ERR: 1146:Table 'ajaxj.dx_dx_aizhufu_cat' doesn't exist
 [ SQL语句 ] : SHOW COLUMNS FROM `dx_dx_aizhufu_cat`
SQL: SELECT * FROM `dx_dx_aizhufu_cat`  [ RunTime:0.000640s ]
ERR: 1146:Table 'ajaxj.dx_dx_aizhufu_cat' doesn't exist
 [ SQL语句 ] : SELECT * FROM `dx_dx_aizhufu_cat` 

[ 2013-06-18T17:35:00+08:00 ] 127.0.0.1 /dx/index.php/Index/category
INFO: [ route_check ] --START--
INFO: CheckRoute Behavior ::run [ RunTime:0.001781s ]
INFO: [ route_check ] --END-- [ RunTime:0.002021s ]
NOTIC: [8] Use of undefined constant GROUP_NAME - assumed 'GROUP_NAME' C:\wamp\www\dx\ThinkPHP\Lib\Core\App.class.php 第 61 行.
INFO: [ app_begin ] --START--
INFO: ReadHtmlCache Behavior ::run [ RunTime:0.001432s ]
INFO: [ app_begin ] --END-- [ RunTime:0.001671s ]
SQL: SHOW COLUMNS FROM `dx_aizhufu_cat` [ RunTime:0.002468s ]
SQL: SELECT * FROM `dx_aizhufu_cat`  [ RunTime:0.000497s ]

[ 2013-06-18T17:35:25+08:00 ] 127.0.0.1 /dx/index.php/Test/index
INFO: [ route_check ] --START--
INFO: CheckRoute Behavior ::run [ RunTime:0.001252s ]
INFO: [ route_check ] --END-- [ RunTime:0.001420s ]
NOTIC: [8] Use of undefined constant GROUP_NAME - assumed 'GROUP_NAME' C:\wamp\www\dx\ThinkPHP\Lib\Core\App.class.php 第 61 行.
INFO: [ app_begin ] --START--
INFO: ReadHtmlCache Behavior ::run [ RunTime:0.001185s ]
INFO: [ app_begin ] --END-- [ RunTime:0.001316s ]

[ 2013-06-18T17:37:01+08:00 ] 127.0.0.1 /dx/index.php/Test/index
INFO: [ route_check ] --START--
INFO: CheckRoute Behavior ::run [ RunTime:0.000929s ]
INFO: [ route_check ] --END-- [ RunTime:0.001049s ]
NOTIC: [8] Use of undefined constant GROUP_NAME - assumed 'GROUP_NAME' C:\wamp\www\dx\ThinkPHP\Lib\Core\App.class.php 第 61 行.
INFO: [ app_begin ] --START--
INFO: ReadHtmlCache Behavior ::run [ RunTime:0.000754s ]
INFO: [ app_begin ] --END-- [ RunTime:0.000875s ]

[ 2013-06-18T17:37:15+08:00 ] 127.0.0.1 /dx/index.php/Index/category
INFO: [ route_check ] --START--
INFO: CheckRoute Behavior ::run [ RunTime:0.000699s ]
INFO: [ route_check ] --END-- [ RunTime:0.000812s ]
NOTIC: [8] Use of undefined constant GROUP_NAME - assumed 'GROUP_NAME' C:\wamp\www\dx\ThinkPHP\Lib\Core\App.class.php 第 61 行.
INFO: [ app_begin ] --START--
INFO: ReadHtmlCache Behavior ::run [ RunTime:0.000571s ]
INFO: [ app_begin ] --END-- [ RunTime:0.000668s ]
SQL: SHOW COLUMNS FROM `dx_aizhufu_cat` [ RunTime:0.002207s ]
SQL: SELECT * FROM `dx_aizhufu_cat`  [ RunTime:0.000389s ]
NOTIC: [8] Trying to get property of non-object C:\wamp\www\dx\Lib\Action\IndexAction.class.php 第 15 行.
NOTIC: [8] Trying to get property of non-object C:\wamp\www\dx\Lib\Action\IndexAction.class.php 第 15 行.
NOTIC: [8] Trying to get property of non-object C:\wamp\www\dx\Lib\Action\IndexAction.class.php 第 15 行.
NOTIC: [8] Trying to get property of non-object C:\wamp\www\dx\Lib\Action\IndexAction.class.php 第 15 行.
NOTIC: [8] Trying to get property of non-object C:\wamp\www\dx\Lib\Action\IndexAction.class.php 第 15 行.
NOTIC: [8] Trying to get property of non-object C:\wamp\www\dx\Lib\Action\IndexAction.class.php 第 15 行.
NOTIC: [8] Trying to get property of non-object C:\wamp\www\dx\Lib\Action\IndexAction.class.php 第 15 行.
NOTIC: [8] Trying to get property of non-object C:\wamp\www\dx\Lib\Action\IndexAction.class.php 第 15 行.
NOTIC: [8] Trying to get property of non-object C:\wamp\www\dx\Lib\Action\IndexAction.class.php 第 15 行.
NOTIC: [8] Trying to get property of non-object C:\wamp\www\dx\Lib\Action\IndexAction.class.php 第 15 行.
NOTIC: [8] Trying to get property of non-object C:\wamp\www\dx\Lib\Action\IndexAction.class.php 第 15 行.
NOTIC: [8] Trying to get property of non-object C:\wamp\www\dx\Lib\Action\IndexAction.class.php 第 15 行.
NOTIC: [8] Trying to get property of non-object C:\wamp\www\dx\Lib\Action\IndexAction.class.php 第 15 行.
NOTIC: [8] Trying to get property of non-object C:\wamp\www\dx\Lib\Action\IndexAction.class.php 第 15 行.
NOTIC: [8] Trying to get property of non-object C:\wamp\www\dx\Lib\Action\IndexAction.class.php 第 15 行.
NOTIC: [8] Trying to get property of non-object C:\wamp\www\dx\Lib\Action\IndexAction.class.php 第 15 行.
NOTIC: [8] Trying to get property of non-object C:\wamp\www\dx\Lib\Action\IndexAction.class.php 第 15 行.

[ 2013-06-18T17:37:18+08:00 ] 127.0.0.1 /dx/index.php/Index/category
INFO: [ route_check ] --START--
INFO: CheckRoute Behavior ::run [ RunTime:0.000741s ]
INFO: [ route_check ] --END-- [ RunTime:0.000856s ]
NOTIC: [8] Use of undefined constant GROUP_NAME - assumed 'GROUP_NAME' C:\wamp\www\dx\ThinkPHP\Lib\Core\App.class.php 第 61 行.
INFO: [ app_begin ] --START--
INFO: ReadHtmlCache Behavior ::run [ RunTime:0.000801s ]
INFO: [ app_begin ] --END-- [ RunTime:0.000919s ]
SQL: SHOW COLUMNS FROM `dx_aizhufu_cat` [ RunTime:0.002081s ]
SQL: SELECT * FROM `dx_aizhufu_cat`  [ RunTime:0.000587s ]
NOTIC: [8] Trying to get property of non-object C:\wamp\www\dx\Lib\Action\IndexAction.class.php 第 15 行.
NOTIC: [8] Trying to get property of non-object C:\wamp\www\dx\Lib\Action\IndexAction.class.php 第 15 行.
NOTIC: [8] Trying to get property of non-object C:\wamp\www\dx\Lib\Action\IndexAction.class.php 第 15 行.
NOTIC: [8] Trying to get property of non-object C:\wamp\www\dx\Lib\Action\IndexAction.class.php 第 15 行.
NOTIC: [8] Trying to get property of non-object C:\wamp\www\dx\Lib\Action\IndexAction.class.php 第 15 行.
NOTIC: [8] Trying to get property of non-object C:\wamp\www\dx\Lib\Action\IndexAction.class.php 第 15 行.
NOTIC: [8] Trying to get property of non-object C:\wamp\www\dx\Lib\Action\IndexAction.class.php 第 15 行.
NOTIC: [8] Trying to get property of non-object C:\wamp\www\dx\Lib\Action\IndexAction.class.php 第 15 行.
NOTIC: [8] Trying to get property of non-object C:\wamp\www\dx\Lib\Action\IndexAction.class.php 第 15 行.
NOTIC: [8] Trying to get property of non-object C:\wamp\www\dx\Lib\Action\IndexAction.class.php 第 15 行.
NOTIC: [8] Trying to get property of non-object C:\wamp\www\dx\Lib\Action\IndexAction.class.php 第 15 行.
NOTIC: [8] Trying to get property of non-object C:\wamp\www\dx\Lib\Action\IndexAction.class.php 第 15 行.
NOTIC: [8] Trying to get property of non-object C:\wamp\www\dx\Lib\Action\IndexAction.class.php 第 15 行.
NOTIC: [8] Trying to get property of non-object C:\wamp\www\dx\Lib\Action\IndexAction.class.php 第 15 行.
NOTIC: [8] Trying to get property of non-object C:\wamp\www\dx\Lib\Action\IndexAction.class.php 第 15 行.
NOTIC: [8] Trying to get property of non-object C:\wamp\www\dx\Lib\Action\IndexAction.class.php 第 15 行.
NOTIC: [8] Trying to get property of non-object C:\wamp\www\dx\Lib\Action\IndexAction.class.php 第 15 行.

[ 2013-06-18T17:37:18+08:00 ] 127.0.0.1 /dx/index.php/Index/category
INFO: [ route_check ] --START--
INFO: CheckRoute Behavior ::run [ RunTime:0.000861s ]
INFO: [ route_check ] --END-- [ RunTime:0.000991s ]
NOTIC: [8] Use of undefined constant GROUP_NAME - assumed 'GROUP_NAME' C:\wamp\www\dx\ThinkPHP\Lib\Core\App.class.php 第 61 行.
INFO: [ app_begin ] --START--
INFO: ReadHtmlCache Behavior ::run [ RunTime:0.000659s ]
INFO: [ app_begin ] --END-- [ RunTime:0.000768s ]
SQL: SHOW COLUMNS FROM `dx_aizhufu_cat` [ RunTime:0.002383s ]
SQL: SELECT * FROM `dx_aizhufu_cat`  [ RunTime:0.000678s ]
NOTIC: [8] Trying to get property of non-object C:\wamp\www\dx\Lib\Action\IndexAction.class.php 第 15 行.
NOTIC: [8] Trying to get property of non-object C:\wamp\www\dx\Lib\Action\IndexAction.class.php 第 15 行.
NOTIC: [8] Trying to get property of non-object C:\wamp\www\dx\Lib\Action\IndexAction.class.php 第 15 行.
NOTIC: [8] Trying to get property of non-object C:\wamp\www\dx\Lib\Action\IndexAction.class.php 第 15 行.
NOTIC: [8] Trying to get property of non-object C:\wamp\www\dx\Lib\Action\IndexAction.class.php 第 15 行.
NOTIC: [8] Trying to get property of non-object C:\wamp\www\dx\Lib\Action\IndexAction.class.php 第 15 行.
NOTIC: [8] Trying to get property of non-object C:\wamp\www\dx\Lib\Action\IndexAction.class.php 第 15 行.
NOTIC: [8] Trying to get property of non-object C:\wamp\www\dx\Lib\Action\IndexAction.class.php 第 15 行.
NOTIC: [8] Trying to get property of non-object C:\wamp\www\dx\Lib\Action\IndexAction.class.php 第 15 行.
NOTIC: [8] Trying to get property of non-object C:\wamp\www\dx\Lib\Action\IndexAction.class.php 第 15 行.
NOTIC: [8] Trying to get property of non-object C:\wamp\www\dx\Lib\Action\IndexAction.class.php 第 15 行.
NOTIC: [8] Trying to get property of non-object C:\wamp\www\dx\Lib\Action\IndexAction.class.php 第 15 行.
NOTIC: [8] Trying to get property of non-object C:\wamp\www\dx\Lib\Action\IndexAction.class.php 第 15 行.
NOTIC: [8] Trying to get property of non-object C:\wamp\www\dx\Lib\Action\IndexAction.class.php 第 15 行.
NOTIC: [8] Trying to get property of non-object C:\wamp\www\dx\Lib\Action\IndexAction.class.php 第 15 行.
NOTIC: [8] Trying to get property of non-object C:\wamp\www\dx\Lib\Action\IndexAction.class.php 第 15 行.
NOTIC: [8] Trying to get property of non-object C:\wamp\www\dx\Lib\Action\IndexAction.class.php 第 15 行.

[ 2013-06-18T17:37:29+08:00 ] 127.0.0.1 /dx/index.php/Index/category
INFO: [ route_check ] --START--
INFO: CheckRoute Behavior ::run [ RunTime:0.000885s ]
INFO: [ route_check ] --END-- [ RunTime:0.001003s ]
NOTIC: [8] Use of undefined constant GROUP_NAME - assumed 'GROUP_NAME' C:\wamp\www\dx\ThinkPHP\Lib\Core\App.class.php 第 61 行.
INFO: [ app_begin ] --START--
INFO: ReadHtmlCache Behavior ::run [ RunTime:0.000606s ]
INFO: [ app_begin ] --END-- [ RunTime:0.000699s ]
SQL: SHOW COLUMNS FROM `dx_aizhufu_cat` [ RunTime:0.002047s ]
SQL: SELECT * FROM `dx_aizhufu_cat`  [ RunTime:0.000454s ]

[ 2013-06-18T17:37:38+08:00 ] 127.0.0.1 /dx/index.php/Index/category
INFO: [ route_check ] --START--
INFO: CheckRoute Behavior ::run [ RunTime:0.001673s ]
INFO: [ route_check ] --END-- [ RunTime:0.001918s ]
NOTIC: [8] Use of undefined constant GROUP_NAME - assumed 'GROUP_NAME' C:\wamp\www\dx\ThinkPHP\Lib\Core\App.class.php 第 61 行.
INFO: [ app_begin ] --START--
INFO: ReadHtmlCache Behavior ::run [ RunTime:0.001193s ]
INFO: [ app_begin ] --END-- [ RunTime:0.001405s ]
SQL: SHOW COLUMNS FROM `dx_aizhufu_cat` [ RunTime:0.002149s ]
SQL: SELECT * FROM `dx_aizhufu_cat`  [ RunTime:0.000947s ]

[ 2013-06-18T17:38:52+08:00 ] 127.0.0.1 /dx/index.php/Index/category
INFO: [ route_check ] --START--
INFO: CheckRoute Behavior ::run [ RunTime:0.001075s ]
INFO: [ route_check ] --END-- [ RunTime:0.001231s ]
NOTIC: [8] Use of undefined constant GROUP_NAME - assumed 'GROUP_NAME' C:\wamp\www\dx\ThinkPHP\Lib\Core\App.class.php 第 61 行.
INFO: [ app_begin ] --START--
INFO: ReadHtmlCache Behavior ::run [ RunTime:0.000663s ]
INFO: [ app_begin ] --END-- [ RunTime:0.000809s ]
SQL: SHOW COLUMNS FROM `dx_aizhufu_cat` [ RunTime:0.002756s ]
SQL: SELECT * FROM `dx_aizhufu_cat` ORDER BY id desc  [ RunTime:0.000529s ]

[ 2013-06-18T17:39:04+08:00 ] 127.0.0.1 /dx/index.php/Index/category
INFO: [ route_check ] --START--
INFO: CheckRoute Behavior ::run [ RunTime:0.001569s ]
INFO: [ route_check ] --END-- [ RunTime:0.001763s ]
NOTIC: [8] Use of undefined constant GROUP_NAME - assumed 'GROUP_NAME' C:\wamp\www\dx\ThinkPHP\Lib\Core\App.class.php 第 61 行.
INFO: [ app_begin ] --START--
INFO: ReadHtmlCache Behavior ::run [ RunTime:0.001256s ]
INFO: [ app_begin ] --END-- [ RunTime:0.001463s ]
SQL: SHOW COLUMNS FROM `dx_aizhufu_cat` [ RunTime:0.002047s ]
SQL: SELECT * FROM `dx_aizhufu_cat` ORDER BY id asc  [ RunTime:0.000455s ]

[ 2013-06-18T17:39:14+08:00 ] 127.0.0.1 /dx/index.php/Index/category
INFO: [ route_check ] --START--
INFO: CheckRoute Behavior ::run [ RunTime:0.000682s ]
INFO: [ route_check ] --END-- [ RunTime:0.000789s ]
NOTIC: [8] Use of undefined constant GROUP_NAME - assumed 'GROUP_NAME' C:\wamp\www\dx\ThinkPHP\Lib\Core\App.class.php 第 61 行.
INFO: [ app_begin ] --START--
INFO: ReadHtmlCache Behavior ::run [ RunTime:0.000651s ]
INFO: [ app_begin ] --END-- [ RunTime:0.000764s ]
SQL: SHOW COLUMNS FROM `dx_aizhufu_cat` [ RunTime:0.002477s ]
SQL: SELECT * FROM `dx_aizhufu_cat`  [ RunTime:0.000463s ]

[ 2013-06-18T17:59:16+08:00 ] 127.0.0.1 /dx/
NOTIC: [8] Use of undefined constant GROUP_NAME - assumed 'GROUP_NAME' C:\wamp\www\dx\ThinkPHP\Lib\Core\App.class.php 第 61 行.
INFO: [ app_begin ] --START--
INFO: ReadHtmlCache Behavior ::run [ RunTime:0.001389s ]
INFO: [ app_begin ] --END-- [ RunTime:0.001558s ]
INFO: [ view_parse ] --START--
INFO: ParseTemplate Behavior ::run [ RunTime:0.009262s ]
INFO: [ view_parse ] --END-- [ RunTime:0.009392s ]
INFO: [ view_filter ] --START--
INFO: ContentReplace Behavior ::run [ RunTime:0.000665s ]
INFO: TokenBuild Behavior ::run [ RunTime:0.000657s ]
INFO: WriteHtmlCache Behavior ::run [ RunTime:0.000537s ]
INFO: ShowRuntime Behavior ::run [ RunTime:0.000831s ]
INFO: [ view_filter ] --END-- [ RunTime:0.003121s ]
INFO: [ view_end ] --START--
INFO: ShowPageTrace Behavior ::run [ RunTime:0.001121s ]
INFO: [ view_end ] --END-- [ RunTime:0.001235s ]

[ 2013-06-18T17:59:50+08:00 ] 127.0.0.1 /dx/
NOTIC: [8] Use of undefined constant GROUP_NAME - assumed 'GROUP_NAME' C:\wamp\www\dx\ThinkPHP\Lib\Core\App.class.php 第 61 行.
INFO: [ app_begin ] --START--
INFO: ReadHtmlCache Behavior ::run [ RunTime:0.000730s ]
INFO: [ app_begin ] --END-- [ RunTime:0.000848s ]
INFO: [ view_parse ] --START--
INFO: ParseTemplate Behavior ::run [ RunTime:0.007495s ]
INFO: [ view_parse ] --END-- [ RunTime:0.007638s ]
INFO: [ view_filter ] --START--
INFO: ContentReplace Behavior ::run [ RunTime:0.000787s ]
INFO: TokenBuild Behavior ::run [ RunTime:0.000620s ]
INFO: WriteHtmlCache Behavior ::run [ RunTime:0.000406s ]
INFO: ShowRuntime Behavior ::run [ RunTime:0.000593s ]
INFO: [ view_filter ] --END-- [ RunTime:0.002806s ]
INFO: [ view_end ] --START--
INFO: ShowPageTrace Behavior ::run [ RunTime:0.000672s ]
INFO: [ view_end ] --END-- [ RunTime:0.000789s ]

[ 2013-06-18T17:59:55+08:00 ] 127.0.0.1 /dx/index.php/
INFO: [ route_check ] --START--
INFO: CheckRoute Behavior ::run [ RunTime:0.002282s ]
INFO: [ route_check ] --END-- [ RunTime:0.002520s ]
NOTIC: [8] Use of undefined constant GROUP_NAME - assumed 'GROUP_NAME' C:\wamp\www\dx\ThinkPHP\Lib\Core\App.class.php 第 61 行.
INFO: [ app_begin ] --START--
INFO: ReadHtmlCache Behavior ::run [ RunTime:0.000799s ]
INFO: [ app_begin ] --END-- [ RunTime:0.000961s ]
INFO: [ view_parse ] --START--
INFO: ParseTemplate Behavior ::run [ RunTime:0.006165s ]
INFO: [ view_parse ] --END-- [ RunTime:0.006333s ]
INFO: [ view_filter ] --START--
INFO: ContentReplace Behavior ::run [ RunTime:0.000442s ]
INFO: TokenBuild Behavior ::run [ RunTime:0.000421s ]
INFO: WriteHtmlCache Behavior ::run [ RunTime:0.000322s ]
INFO: ShowRuntime Behavior ::run [ RunTime:0.000574s ]
INFO: [ view_filter ] --END-- [ RunTime:0.002065s ]
INFO: [ view_end ] --START--
INFO: ShowPageTrace Behavior ::run [ RunTime:0.000630s ]
INFO: [ view_end ] --END-- [ RunTime:0.000723s ]

[ 2013-06-18T18:02:38+08:00 ] 127.0.0.1 /dx/index.php/
INFO: [ route_check ] --START--
INFO: CheckRoute Behavior ::run [ RunTime:0.002608s ]
INFO: [ route_check ] --END-- [ RunTime:0.002842s ]
NOTIC: [8] Use of undefined constant GROUP_NAME - assumed 'GROUP_NAME' C:\wamp\www\dx\ThinkPHP\Lib\Core\App.class.php 第 61 行.
INFO: [ app_begin ] --START--
INFO: ReadHtmlCache Behavior ::run [ RunTime:0.001865s ]
INFO: [ app_begin ] --END-- [ RunTime:0.002185s ]
INFO: [ view_parse ] --START--
INFO: ParseTemplate Behavior ::run [ RunTime:0.139843s ]
INFO: [ view_parse ] --END-- [ RunTime:0.139991s ]
INFO: [ view_filter ] --START--
INFO: ContentReplace Behavior ::run [ RunTime:0.000786s ]
INFO: TokenBuild Behavior ::run [ RunTime:0.000803s ]
INFO: WriteHtmlCache Behavior ::run [ RunTime:0.000807s ]
INFO: ShowRuntime Behavior ::run [ RunTime:0.001200s ]
INFO: [ view_filter ] --END-- [ RunTime:0.003950s ]
INFO: [ view_end ] --START--
INFO: ShowPageTrace Behavior ::run [ RunTime:0.001301s ]
INFO: [ view_end ] --END-- [ RunTime:0.001462s ]

[ 2013-06-18T18:05:16+08:00 ] 127.0.0.1 /dx/index.php/
INFO: [ route_check ] --START--
INFO: CheckRoute Behavior ::run [ RunTime:0.001020s ]
INFO: [ route_check ] --END-- [ RunTime:0.001273s ]
NOTIC: [8] Use of undefined constant GROUP_NAME - assumed 'GROUP_NAME' C:\wamp\www\dx\ThinkPHP\Lib\Core\App.class.php 第 61 行.
INFO: [ app_begin ] --START--
INFO: ReadHtmlCache Behavior ::run [ RunTime:0.000822s ]
INFO: [ app_begin ] --END-- [ RunTime:0.000932s ]
INFO: [ view_parse ] --START--
INFO: ParseTemplate Behavior ::run [ RunTime:0.009691s ]
INFO: [ view_parse ] --END-- [ RunTime:0.009825s ]
INFO: [ view_filter ] --START--
INFO: ContentReplace Behavior ::run [ RunTime:0.000581s ]
INFO: TokenBuild Behavior ::run [ RunTime:0.000565s ]
INFO: WriteHtmlCache Behavior ::run [ RunTime:0.000447s ]
INFO: ShowRuntime Behavior ::run [ RunTime:0.000653s ]
INFO: [ view_filter ] --END-- [ RunTime:0.002508s ]
INFO: [ view_end ] --START--
INFO: ShowPageTrace Behavior ::run [ RunTime:0.000684s ]
INFO: [ view_end ] --END-- [ RunTime:0.000781s ]

[ 2013-06-18T18:05:37+08:00 ] 127.0.0.1 /dx/index.php/
INFO: [ route_check ] --START--
INFO: CheckRoute Behavior ::run [ RunTime:0.000933s ]
INFO: [ route_check ] --END-- [ RunTime:0.001052s ]
NOTIC: [8] Use of undefined constant GROUP_NAME - assumed 'GROUP_NAME' C:\wamp\www\dx\ThinkPHP\Lib\Core\App.class.php 第 61 行.
INFO: [ app_begin ] --START--
INFO: ReadHtmlCache Behavior ::run [ RunTime:0.000684s ]
INFO: [ app_begin ] --END-- [ RunTime:0.000773s ]
INFO: [ view_parse ] --START--
INFO: ParseTemplate Behavior ::run [ RunTime:0.018250s ]
INFO: [ view_parse ] --END-- [ RunTime:0.018374s ]
INFO: [ view_filter ] --START--
INFO: ContentReplace Behavior ::run [ RunTime:0.000711s ]
INFO: TokenBuild Behavior ::run [ RunTime:0.000588s ]
INFO: WriteHtmlCache Behavior ::run [ RunTime:0.000457s ]
INFO: ShowRuntime Behavior ::run [ RunTime:0.000647s ]
INFO: [ view_filter ] --END-- [ RunTime:0.002654s ]
INFO: [ view_end ] --START--
INFO: ShowPageTrace Behavior ::run [ RunTime:0.000687s ]
INFO: [ view_end ] --END-- [ RunTime:0.000788s ]

[ 2013-06-18T18:05:56+08:00 ] 127.0.0.1 /dx/index.php/
INFO: [ route_check ] --START--
INFO: CheckRoute Behavior ::run [ RunTime:0.001004s ]
INFO: [ route_check ] --END-- [ RunTime:0.001122s ]
NOTIC: [8] Use of undefined constant GROUP_NAME - assumed 'GROUP_NAME' C:\wamp\www\dx\ThinkPHP\Lib\Core\App.class.php 第 61 行.
INFO: [ app_begin ] --START--
INFO: ReadHtmlCache Behavior ::run [ RunTime:0.000573s ]
INFO: [ app_begin ] --END-- [ RunTime:0.000669s ]
INFO: [ view_parse ] --START--
INFO: ParseTemplate Behavior ::run [ RunTime:0.009170s ]
INFO: [ view_parse ] --END-- [ RunTime:0.009312s ]
INFO: [ view_filter ] --START--
INFO: ContentReplace Behavior ::run [ RunTime:0.000481s ]
INFO: TokenBuild Behavior ::run [ RunTime:0.000440s ]
INFO: WriteHtmlCache Behavior ::run [ RunTime:0.000299s ]
INFO: ShowRuntime Behavior ::run [ RunTime:0.000491s ]
INFO: [ view_filter ] --END-- [ RunTime:0.001959s ]
INFO: [ view_end ] --START--
INFO: ShowPageTrace Behavior ::run [ RunTime:0.000534s ]
INFO: [ view_end ] --END-- [ RunTime:0.000632s ]

