[ 2013-06-19T11:32:53+08:00 ] 127.0.0.1 /dx/
NOTIC: [8] Use of undefined constant GROUP_NAME - assumed 'GROUP_NAME' C:\wamp\www\dx\ThinkPHP\Lib\Core\App.class.php 第 61 行.
INFO: [ app_begin ] --START--
INFO: ReadHtmlCache Behavior ::run [ RunTime:0.007780s ]
INFO: [ app_begin ] --END-- [ RunTime:0.025070s ]
INFO: [ view_parse ] --START--
INFO: ParseTemplate Behavior ::run [ RunTime:0.160968s ]
INFO: [ view_parse ] --END-- [ RunTime:0.161218s ]
INFO: [ view_filter ] --START--
INFO: ContentReplace Behavior ::run [ RunTime:0.014933s ]
INFO: TokenBuild Behavior ::run [ RunTime:0.014370s ]
INFO: WriteHtmlCache Behavior ::run [ RunTime:0.002215s ]
INFO: ShowRuntime Behavior ::run [ RunTime:0.003068s ]
INFO: [ view_filter ] --END-- [ RunTime:0.035338s ]
INFO: [ view_end ] --START--
INFO: ShowPageTrace Behavior ::run [ RunTime:0.003644s ]
INFO: [ view_end ] --END-- [ RunTime:0.004032s ]

[ 2013-06-19T11:33:00+08:00 ] 127.0.0.1 /dx/index.php/admin
INFO: [ route_check ] --START--
INFO: CheckRoute Behavior ::run [ RunTime:0.067541s ]
INFO: [ route_check ] --END-- [ RunTime:0.067690s ]
NOTIC: [8] Use of undefined constant GROUP_NAME - assumed 'GROUP_NAME' C:\wamp\www\dx\ThinkPHP\Lib\Core\App.class.php 第 61 行.
INFO: [ app_begin ] --START--
INFO: ReadHtmlCache Behavior ::run [ RunTime:0.000649s ]
INFO: [ app_begin ] --END-- [ RunTime:0.000733s ]
ERR: 无法加载模块:admin

[ 2013-06-19T11:33:07+08:00 ] 127.0.0.1 /dx/index.php/Admin/index
INFO: [ route_check ] --START--
INFO: CheckRoute Behavior ::run [ RunTime:0.001369s ]
INFO: [ route_check ] --END-- [ RunTime:0.001491s ]
NOTIC: [8] Use of undefined constant GROUP_NAME - assumed 'GROUP_NAME' C:\wamp\www\dx\ThinkPHP\Lib\Core\App.class.php 第 61 行.
INFO: [ app_begin ] --START--
INFO: ReadHtmlCache Behavior ::run [ RunTime:0.000810s ]
INFO: [ app_begin ] --END-- [ RunTime:0.000943s ]
INFO: [ view_parse ] --START--
INFO: ParseTemplate Behavior ::run [ RunTime:0.008425s ]
INFO: [ view_parse ] --END-- [ RunTime:0.008570s ]
INFO: [ view_filter ] --START--
INFO: ContentReplace Behavior ::run [ RunTime:0.000479s ]
INFO: TokenBuild Behavior ::run [ RunTime:0.000464s ]
INFO: WriteHtmlCache Behavior ::run [ RunTime:0.000363s ]
INFO: ShowRuntime Behavior ::run [ RunTime:0.000518s ]
INFO: [ view_filter ] --END-- [ RunTime:0.002067s ]
INFO: [ view_end ] --START--
INFO: ShowPageTrace Behavior ::run [ RunTime:0.000545s ]
INFO: [ view_end ] --END-- [ RunTime:0.000635s ]

[ 2013-06-19T11:33:22+08:00 ] 127.0.0.1 /dx/index.php/Admin/index
INFO: [ route_check ] --START--
INFO: CheckRoute Behavior ::run [ RunTime:0.001420s ]
INFO: [ route_check ] --END-- [ RunTime:0.001594s ]
NOTIC: [8] Use of undefined constant GROUP_NAME - assumed 'GROUP_NAME' C:\wamp\www\dx\ThinkPHP\Lib\Core\App.class.php 第 61 行.
INFO: [ app_begin ] --START--
INFO: ReadHtmlCache Behavior ::run [ RunTime:0.000783s ]
INFO: [ app_begin ] --END-- [ RunTime:0.000876s ]
INFO: [ view_parse ] --START--
INFO: ParseTemplate Behavior ::run [ RunTime:0.016438s ]
INFO: [ view_parse ] --END-- [ RunTime:0.016607s ]
INFO: [ view_filter ] --START--
INFO: ContentReplace Behavior ::run [ RunTime:0.000576s ]
INFO: TokenBuild Behavior ::run [ RunTime:0.000853s ]
INFO: WriteHtmlCache Behavior ::run [ RunTime:0.000895s ]
INFO: ShowRuntime Behavior ::run [ RunTime:0.000757s ]
INFO: [ view_filter ] --END-- [ RunTime:0.003343s ]
INFO: [ view_end ] --START--
INFO: ShowPageTrace Behavior ::run [ RunTime:0.000730s ]
INFO: [ view_end ] --END-- [ RunTime:0.000820s ]

[ 2013-06-19T11:34:13+08:00 ] 127.0.0.1 /dx/index.php/Admin/index
INFO: [ route_check ] --START--
INFO: CheckRoute Behavior ::run [ RunTime:0.000872s ]
INFO: [ route_check ] --END-- [ RunTime:0.001008s ]
NOTIC: [8] Use of undefined constant GROUP_NAME - assumed 'GROUP_NAME' C:\wamp\www\dx\ThinkPHP\Lib\Core\App.class.php 第 61 行.
INFO: [ app_begin ] --START--
INFO: ReadHtmlCache Behavior ::run [ RunTime:0.000643s ]
INFO: [ app_begin ] --END-- [ RunTime:0.000753s ]
INFO: [ view_parse ] --START--
INFO: ParseTemplate Behavior ::run [ RunTime:0.008435s ]
INFO: [ view_parse ] --END-- [ RunTime:0.008571s ]
INFO: [ view_filter ] --START--
INFO: ContentReplace Behavior ::run [ RunTime:0.000471s ]
INFO: TokenBuild Behavior ::run [ RunTime:0.000484s ]
INFO: WriteHtmlCache Behavior ::run [ RunTime:0.000384s ]
INFO: ShowRuntime Behavior ::run [ RunTime:0.000507s ]
INFO: [ view_filter ] --END-- [ RunTime:0.002096s ]
INFO: [ view_end ] --START--
INFO: ShowPageTrace Behavior ::run [ RunTime:0.000556s ]
INFO: [ view_end ] --END-- [ RunTime:0.000645s ]

